Using pre-set license
Built from '2020.3/staging' branch; Version is '2020.3.18f1 (a7d1c678663c) revision 10998214'; Using compiler version '192528614'; Build Type 'Release'
OS: 'Windows 10 Home Single Language; OS build 19043.1202; Version 2009; 64bit' Language: 'ru' Physical Memory: 16300 MB
BatchMode: 1, IsHumanControllingUs: 0, StartBugReporterOnCrash: 0, Is64bit: 1, IsPro: 0

COMMAND LINE ARGUMENTS:
C:\Program Files\Unity\Hub\Editor\2020.3.18f1\Editor\Unity.exe
-adb2
-batchMode
-noUpm
-name
AssetImportWorker0
-projectPath
E:/unity/WebPlatformer
-logFile
Logs/AssetImportWorker0.log
-srvPort
61197
Successfully changed project path to: E:/unity/WebPlatformer
E:/unity/WebPlatformer
Using Asset Import Pipeline V2.
Refreshing native plugins compatible for Editor in 147.03 ms, found 3 plugins.
Preloading 0 native plugins for Editor in 0.00 ms.
Initialize engine version: 2020.3.18f1 (a7d1c678663c)
[Subsystems] Discovering subsystems at path C:/Program Files/Unity/Hub/Editor/2020.3.18f1/Editor/Data/Resources/UnitySubsystems
[Subsystems] Discovering subsystems at path E:/unity/WebPlatformer/Assets
GfxDevice: creating device client; threaded=0
Direct3D:
    Version:  Direct3D 11.0 [level 11.1]
    Renderer: NVIDIA GeForce GTX 1050 (ID=0x1c8d)
    Vendor:   
    VRAM:     1979 MB
    Driver:   30.0.14.7168
Initialize mono
Mono path[0] = 'C:/Program Files/Unity/Hub/Editor/2020.3.18f1/Editor/Data/Managed'
Mono path[1] = 'C:/Program Files/Unity/Hub/Editor/2020.3.18f1/Editor/Data/MonoBleedingEdge/lib/mono/unityjit'
Mono config path = 'C:/Program Files/Unity/Hub/Editor/2020.3.18f1/Editor/Data/MonoBleedingEdge/etc'
Using monoOptions --debugger-agent=transport=dt_socket,embedding=1,server=y,suspend=n,address=127.0.0.1:56264
Begin MonoManager ReloadAssembly
Registering precompiled unity dll's ...
Register platform support module: C:/Program Files/Unity/Hub/Editor/2020.3.18f1/Editor/Data/PlaybackEngines/WebGLSupport/UnityEditor.WebGL.Extensions.dll
Register platform support module: C:/Program Files/Unity/Hub/Editor/2020.3.18f1/Editor/Data/PlaybackEngines/WindowsStandaloneSupport/UnityEditor.WindowsStandalone.Extensions.dll
Registered in 0.005405 seconds.
Native extension for WindowsStandalone target not found
Native extension for WebGL target not found
Refreshing native plugins compatible for Editor in 54.57 ms, found 3 plugins.
Preloading 0 native plugins for Editor in 0.00 ms.
Mono: successfully reloaded assembly
- Completed reload, in  6.589 seconds
Domain Reload Profiling:
	ReloadAssembly (6589ms)
		BeginReloadAssembly (119ms)
			ExecutionOrderSort (0ms)
			DisableScriptedObjects (0ms)
			BackupInstance (0ms)
			ReleaseScriptingObjects (0ms)
			CreateAndSetChildDomain (1ms)
		EndReloadAssembly (609ms)
			LoadAssemblies (117ms)
			RebuildTransferFunctionScriptingTraits (0ms)
			SetupTypeCache (206ms)
			ReleaseScriptCaches (0ms)
			RebuildScriptCaches (38ms)
			SetupLoadedEditorAssemblies (269ms)
				LogAssemblyErrors (0ms)
				InitializePlatformSupportModulesInManaged (7ms)
				SetLoadedEditorAssemblies (0ms)
				RefreshPlugins (55ms)
				BeforeProcessingInitializeOnLoad (16ms)
				ProcessInitializeOnLoadAttributes (108ms)
				ProcessInitializeOnLoadMethodAttributes (83ms)
				AfterProcessingInitializeOnLoad (0ms)
				EditorAssembliesLoaded (0ms)
			ExecutionOrderSort2 (0ms)
			AwakeInstancesAfterBackupRestoration (0ms)
Platform modules already initialized, skipping
Registering precompiled user dll's ...
Registered in 0.007723 seconds.
Begin MonoManager ReloadAssembly
Native extension for WindowsStandalone target not found
Native extension for WebGL target not found
Refreshing native plugins compatible for Editor in 53.71 ms, found 3 plugins.
Preloading 0 native plugins for Editor in 0.00 ms.
Mono: successfully reloaded assembly
- Completed reload, in  1.487 seconds
Domain Reload Profiling:
	ReloadAssembly (1490ms)
		BeginReloadAssembly (195ms)
			ExecutionOrderSort (0ms)
			DisableScriptedObjects (6ms)
			BackupInstance (0ms)
			ReleaseScriptingObjects (0ms)
			CreateAndSetChildDomain (23ms)
		EndReloadAssembly (1214ms)
			LoadAssemblies (168ms)
			RebuildTransferFunctionScriptingTraits (0ms)
			SetupTypeCache (383ms)
			ReleaseScriptCaches (1ms)
			RebuildScriptCaches (60ms)
			SetupLoadedEditorAssemblies (436ms)
				LogAssemblyErrors (0ms)
				InitializePlatformSupportModulesInManaged (6ms)
				SetLoadedEditorAssemblies (0ms)
				RefreshPlugins (54ms)
				BeforeProcessingInitializeOnLoad (95ms)
				ProcessInitializeOnLoadAttributes (256ms)
				ProcessInitializeOnLoadMethodAttributes (16ms)
				AfterProcessingInitializeOnLoad (8ms)
				EditorAssembliesLoaded (0ms)
			ExecutionOrderSort2 (0ms)
			AwakeInstancesAfterBackupRestoration (8ms)
Platform modules already initialized, skipping
========================================================================
Worker process is ready to serve import requests
Launched and connected shader compiler UnityShaderCompiler.exe after 0.12 seconds
Refreshing native plugins compatible for Editor in 0.56 ms, found 3 plugins.
Preloading 0 native plugins for Editor in 0.00 ms.
Unloading 2098 Unused Serialized files (Serialized files now loaded: 0)
System memory in use before: 93.2 MB.
System memory in use after: 93.3 MB.

Unloading 26 unused Assets to reduce memory usage. Loaded Objects now: 2537.
Total: 4.084200 ms (FindLiveObjects: 0.225700 ms CreateObjectMapping: 0.106100 ms MarkObjects: 3.671300 ms  DeleteObjects: 0.079800 ms)

AssetImportParameters requested are different than current active one (requested -> active):
  custom:framework-win-MediaFoundation: 216162199b28c13a410421893ffa2e32 -> 
  custom:video-decoder-ogg-theora: a1e56fd34408186e4bbccfd4996cb3dc -> 
  custom:container-muxer-webm: aa71ff27fc2769a1b78a27578f13a17b -> 
  custom:container-demuxer-webm: 4f35f7cbe854078d1ac9338744f61a02 -> 
  custom:container-demuxer-ogg: 62fdf1f143b41e24485cea50d1cbac27 -> 
  custom:video-encoder-webm-vp8: eb34c28f22e8b96e1ab97ce403110664 -> 
  custom:video-decoder-webm-vp8: 9c59270c3fd7afecdb556c50c9e8de78 -> 
  custom:audio-decoder-ogg-vorbis: bf7c407c2cedff20999df2af8eb42d56 -> 
  custom:audio-encoder-webm-vorbis: bf7c407c2cedff20999df2af8eb42d56 -> 
========================================================================
Received Import Request.
  path: Assets/Sprites/Preview3.jpg
  artifactKey: Guid(fcf3304cbd9891b4aa40253669f8e7a3) Importer(815301076,1909f56bfc062723c751e8b465ee728b)
Start importing Assets/Sprites/Preview3.jpg using Guid(fcf3304cbd9891b4aa40253669f8e7a3) Importer(815301076,1909f56bfc062723c751e8b465ee728b)  -> (artifact id: 'd34b04bc49cd96e369ddd6ab037e9ce6') in 0.089227 seconds 
  Import took 0.102283 seconds .

========================================================================
Received Import Request.
  Time since last request: 133.604273 seconds.
  path: Assets/Sprites/blocks.png
  artifactKey: Guid(c9f6fede08089254081594f20b001296) Importer(815301076,1909f56bfc062723c751e8b465ee728b)
Start importing Assets/Sprites/blocks.png using Guid(c9f6fede08089254081594f20b001296) Importer(815301076,1909f56bfc062723c751e8b465ee728b)  -> (artifact id: 'f3148a6b241ecbca2596c0f68389fb88') in 0.082905 seconds 
  Import took 0.087812 seconds .

========================================================================
Received Import Request.
  Time since last request: 5.694210 seconds.
  path: Assets/Sprites/blocks.png
  artifactKey: Guid(c9f6fede08089254081594f20b001296) Importer(815301076,1909f56bfc062723c751e8b465ee728b)
Start importing Assets/Sprites/blocks.png using Guid(c9f6fede08089254081594f20b001296) Importer(815301076,1909f56bfc062723c751e8b465ee728b)  -> (artifact id: 'a2e4db81b14ab9fba0fc3bc15bd9f4c2') in 0.024174 seconds 
  Import took 0.028272 seconds .

========================================================================
Received Import Request.
  Time since last request: 7.494158 seconds.
  path: Assets/Sprites/blocks.png
  artifactKey: Guid(c9f6fede08089254081594f20b001296) Importer(815301076,1909f56bfc062723c751e8b465ee728b)
Start importing Assets/Sprites/blocks.png using Guid(c9f6fede08089254081594f20b001296) Importer(815301076,1909f56bfc062723c751e8b465ee728b)  -> (artifact id: 'e2f8da7218762392218a24f77ae89081') in 0.148124 seconds 
  Import took 0.168934 seconds .

========================================================================
Received Import Request.
  Time since last request: 39.101403 seconds.
  path: Assets/Sprites/blocks.png
  artifactKey: Guid(c9f6fede08089254081594f20b001296) Importer(815301076,1909f56bfc062723c751e8b465ee728b)
Start importing Assets/Sprites/blocks.png using Guid(c9f6fede08089254081594f20b001296) Importer(815301076,1909f56bfc062723c751e8b465ee728b)  -> (artifact id: '4dfe2b6b6eef5a4c4ebeba39a19e2106') in 0.130137 seconds 
  Import took 0.143890 seconds .

========================================================================
Received Import Request.
  Time since last request: 15.401153 seconds.
  path: Assets/Sprites/blocks.png
  artifactKey: Guid(c9f6fede08089254081594f20b001296) Importer(815301076,1909f56bfc062723c751e8b465ee728b)
Start importing Assets/Sprites/blocks.png using Guid(c9f6fede08089254081594f20b001296) Importer(815301076,1909f56bfc062723c751e8b465ee728b)  -> (artifact id: '32a794a0a898ff7fed5f9f3a1cf25a43') in 0.118595 seconds 
  Import took 0.133563 seconds .

AssetImportWorkerClient::OnTransportError - code=2 error=End of file
